<?xml version="1.0" encoding="UTF-8" standalone="yes"?><!DOCTYPE report PUBLIC "-//JACOCO//DTD Report 1.1//EN" "report.dtd"><report name="Student"><sessioninfo id="DESKTOP-KJQ6E6R-bf38a1ae" start="1588964811250" dump="1588964826129"/><package name="jms"><class name="jms/OrderTransactionReceiver" sourcefilename="OrderTransactionReceiver.java"><method name="&lt;init&gt;" desc="()V" line="11"><counter type="INSTRUCTION" missed="6" covered="0"/><counter type="LINE" missed="2" covered="0"/><counter type="COMPLEXITY" missed="1" covered="0"/><counter type="METHOD" missed="1" covered="0"/></method><counter type="INSTRUCTION" missed="6" covered="0"/><counter type="LINE" missed="2" covered="0"/><counter type="COMPLEXITY" missed="1" covered="0"/><counter type="METHOD" missed="1" covered="0"/><counter type="CLASS" missed="1" covered="0"/></class><sourcefile name="OrderTransactionReceiver.java"><line nr="11" mi="2" ci="0" mb="0" cb="0"/><line nr="15" mi="4" ci="0" mb="0" cb="0"/><counter type="INSTRUCTION" missed="6" covered="0"/><counter type="LINE" missed="2" covered="0"/><counter type="COMPLEXITY" missed="1" covered="0"/><counter type="METHOD" missed="1" covered="0"/><counter type="CLASS" missed="1" covered="0"/></sourcefile><counter type="INSTRUCTION" missed="6" covered="0"/><counter type="LINE" missed="2" covered="0"/><counter type="COMPLEXITY" missed="1" covered="0"/><counter type="METHOD" missed="1" covered="0"/><counter type="CLASS" missed="1" covered="0"/></package><package name="DAO"><class name="DAO/Student_DAO_Imp" sourcefilename="Student_DAO_Imp.java"><method name="&lt;init&gt;" desc="()V" line="13"><counter type="INSTRUCTION" missed="0" covered="3"/><counter type="LINE" missed="0" covered="1"/><counter type="COMPLEXITY" missed="0" covered="1"/><counter type="METHOD" missed="0" covered="1"/></method><method name="saveStudent" desc="(LModel/Student;)Z" line="23"><counter type="INSTRUCTION" missed="3" covered="15"/><counter type="LINE" missed="2" covered="6"/><counter type="COMPLEXITY" missed="0" covered="1"/><counter type="METHOD" missed="0" covered="1"/></method><method name="getStudents" desc="()Ljava/util/List;" line="36"><counter type="INSTRUCTION" missed="0" covered="2"/><counter type="LINE" missed="0" covered="1"/><counter type="COMPLEXITY" missed="0" covered="1"/><counter type="METHOD" missed="0" covered="1"/></method><method name="deleteStudent" desc="(LModel/Student;)Z" line="41"><counter type="INSTRUCTION" missed="3" covered="25"/><counter type="BRANCH" missed="0" covered="4"/><counter type="LINE" missed="2" covered="10"/><counter type="COMPLEXITY" missed="0" covered="3"/><counter type="METHOD" missed="0" covered="1"/></method><method name="getStudentByID" desc="(LModel/Student;)Ljava/util/List;" line="59"><counter type="INSTRUCTION" missed="19" covered="13"/><counter type="BRANCH" missed="3" covered="1"/><counter type="LINE" missed="7" covered="5"/><counter type="COMPLEXITY" missed="2" covered="1"/><counter type="METHOD" missed="0" covered="1"/></method><method name="updateStudent" desc="(LModel/Student;)Z" line="77"><counter type="INSTRUCTION" missed="3" covered="44"/><counter type="BRANCH" missed="3" covered="7"/><counter type="LINE" missed="2" covered="15"/><counter type="COMPLEXITY" missed="3" covered="3"/><counter type="METHOD" missed="0" covered="1"/></method><method name="getNextStudentId" desc="()I" line="102"><counter type="INSTRUCTION" missed="0" covered="5"/><counter type="LINE" missed="0" covered="1"/><counter type="COMPLEXITY" missed="0" covered="1"/><counter type="METHOD" missed="0" covered="1"/></method><method name="&lt;clinit&gt;" desc="()V" line="15"><counter type="INSTRUCTION" missed="0" covered="38"/><counter type="LINE" missed="0" covered="1"/><counter type="COMPLEXITY" missed="0" covered="1"/><counter type="METHOD" missed="0" covered="1"/></method><counter type="INSTRUCTION" missed="28" covered="145"/><counter type="BRANCH" missed="6" covered="12"/><counter type="LINE" missed="13" covered="40"/><counter type="COMPLEXITY" missed="5" covered="12"/><counter type="METHOD" missed="0" covered="8"/><counter type="CLASS" missed="0" covered="1"/></class><sourcefile name="Student_DAO_Imp.java"><line nr="13" mi="0" ci="3" mb="0" cb="0"/><line nr="15" mi="0" ci="38" mb="0" cb="0"/><line nr="23" mi="0" ci="2" mb="0" cb="0"/><line nr="25" mi="0" ci="4" mb="0" cb="0"/><line nr="26" mi="0" ci="4" mb="0" cb="0"/><line nr="27" mi="0" ci="2" mb="0" cb="0"/><line nr="28" mi="1" ci="0" mb="0" cb="0"/><line nr="29" mi="2" ci="0" mb="0" cb="0"/><line nr="30" mi="0" ci="1" mb="0" cb="0"/><line nr="31" mi="0" ci="2" mb="0" cb="0"/><line nr="36" mi="0" ci="2" mb="0" cb="0"/><line nr="41" mi="0" ci="2" mb="0" cb="0"/><line nr="43" mi="0" ci="3" mb="0" cb="0"/><line nr="44" mi="0" ci="3" mb="0" cb="2"/><line nr="45" mi="0" ci="4" mb="0" cb="0"/><line nr="46" mi="0" ci="5" mb="0" cb="2"/><line nr="47" mi="0" ci="2" mb="0" cb="0"/><line nr="48" mi="0" ci="2" mb="0" cb="0"/><line nr="50" mi="0" ci="1" mb="0" cb="0"/><line nr="51" mi="1" ci="0" mb="0" cb="0"/><line nr="52" mi="2" ci="0" mb="0" cb="0"/><line nr="53" mi="0" ci="1" mb="0" cb="0"/><line nr="54" mi="0" ci="2" mb="0" cb="0"/><line nr="59" mi="0" ci="4" mb="0" cb="0"/><line nr="61" mi="0" ci="3" mb="0" cb="0"/><line nr="62" mi="0" ci="3" mb="1" cb="1"/><line nr="63" mi="4" ci="0" mb="0" cb="0"/><line nr="64" mi="5" ci="0" mb="2" cb="0"/><line nr="65" mi="2" ci="0" mb="0" cb="0"/><line nr="66" mi="4" ci="0" mb="0" cb="0"/><line nr="68" mi="1" ci="0" mb="0" cb="0"/><line nr="69" mi="1" ci="0" mb="0" cb="0"/><line nr="70" mi="2" ci="0" mb="0" cb="0"/><line nr="71" mi="0" ci="1" mb="0" cb="0"/><line nr="72" mi="0" ci="2" mb="0" cb="0"/><line nr="77" mi="0" ci="2" mb="0" cb="0"/><line nr="79" mi="0" ci="3" mb="0" cb="0"/><line nr="80" mi="0" ci="3" mb="0" cb="2"/><line nr="81" mi="0" ci="4" mb="0" cb="0"/><line nr="82" mi="0" ci="5" mb="0" cb="2"/><line nr="83" mi="0" ci="3" mb="1" cb="1"/><line nr="84" mi="0" ci="4" mb="0" cb="0"/><line nr="86" mi="0" ci="3" mb="1" cb="1"/><line nr="87" mi="0" ci="4" mb="0" cb="0"/><line nr="89" mi="0" ci="3" mb="1" cb="1"/><line nr="90" mi="0" ci="4" mb="0" cb="0"/><line nr="92" mi="0" ci="2" mb="0" cb="0"/><line nr="94" mi="0" ci="1" mb="0" cb="0"/><line nr="95" mi="1" ci="0" mb="0" cb="0"/><line nr="96" mi="2" ci="0" mb="0" cb="0"/><line nr="97" mi="0" ci="1" mb="0" cb="0"/><line nr="98" mi="0" ci="2" mb="0" cb="0"/><line nr="102" mi="0" ci="5" mb="0" cb="0"/><counter type="INSTRUCTION" missed="28" covered="145"/><counter type="BRANCH" missed="6" covered="12"/><counter type="LINE" missed="13" covered="40"/><counter type="COMPLEXITY" missed="5" covered="12"/><counter type="METHOD" missed="0" covered="8"/><counter type="CLASS" missed="0" covered="1"/></sourcefile><counter type="INSTRUCTION" missed="28" covered="145"/><counter type="BRANCH" missed="6" covered="12"/><counter type="LINE" missed="13" covered="40"/><counter type="COMPLEXITY" missed="5" covered="12"/><counter type="METHOD" missed="0" covered="8"/><counter type="CLASS" missed="0" covered="1"/></package><package name="Model"><class name="Model/Student" sourcefilename="Student.java"><method name="&lt;init&gt;" desc="()V" line="8"><counter type="INSTRUCTION" missed="0" covered="3"/><counter type="LINE" missed="0" covered="2"/><counter type="COMPLEXITY" missed="0" covered="1"/><counter type="METHOD" missed="0" covered="1"/></method><method name="&lt;init&gt;" desc="(ILjava/lang/String;Ljava/lang/String;Ljava/lang/String;)V" line="12"><counter type="INSTRUCTION" missed="0" covered="15"/><counter type="LINE" missed="0" covered="6"/><counter type="COMPLEXITY" missed="0" covered="1"/><counter type="METHOD" missed="0" covered="1"/></method><method name="getStudent_id" desc="()I" line="19"><counter type="INSTRUCTION" missed="0" covered="3"/><counter type="LINE" missed="0" covered="1"/><counter type="COMPLEXITY" missed="0" covered="1"/><counter type="METHOD" missed="0" covered="1"/></method><method name="setStudent_id" desc="(I)V" line="22"><counter type="INSTRUCTION" missed="0" covered="4"/><counter type="LINE" missed="0" covered="2"/><counter type="COMPLEXITY" missed="0" covered="1"/><counter type="METHOD" missed="0" covered="1"/></method><method name="getStudent_name" desc="()Ljava/lang/String;" line="25"><counter type="INSTRUCTION" missed="0" covered="3"/><counter type="LINE" missed="0" covered="1"/><counter type="COMPLEXITY" missed="0" covered="1"/><counter type="METHOD" missed="0" covered="1"/></method><method name="setStudent_name" desc="(Ljava/lang/String;)V" line="28"><counter type="INSTRUCTION" missed="0" covered="4"/><counter type="LINE" missed="0" covered="2"/><counter type="COMPLEXITY" missed="0" covered="1"/><counter type="METHOD" missed="0" covered="1"/></method><method name="getStudent_email" desc="()Ljava/lang/String;" line="31"><counter type="INSTRUCTION" missed="0" covered="3"/><counter type="LINE" missed="0" covered="1"/><counter type="COMPLEXITY" missed="0" covered="1"/><counter type="METHOD" missed="0" covered="1"/></method><method name="setStudent_email" desc="(Ljava/lang/String;)V" line="34"><counter type="INSTRUCTION" missed="0" covered="4"/><counter type="LINE" missed="0" covered="2"/><counter type="COMPLEXITY" missed="0" covered="1"/><counter type="METHOD" missed="0" covered="1"/></method><method name="getStudent_branch" desc="()Ljava/lang/String;" line="37"><counter type="INSTRUCTION" missed="0" covered="3"/><counter type="LINE" missed="0" covered="1"/><counter type="COMPLEXITY" missed="0" covered="1"/><counter type="METHOD" missed="0" covered="1"/></method><method name="setStudent_branch" desc="(Ljava/lang/String;)V" line="40"><counter type="INSTRUCTION" missed="0" covered="4"/><counter type="LINE" missed="0" covered="2"/><counter type="COMPLEXITY" missed="0" covered="1"/><counter type="METHOD" missed="0" covered="1"/></method><method name="toString" desc="()Ljava/lang/String;" line="44"><counter type="INSTRUCTION" missed="27" covered="0"/><counter type="LINE" missed="1" covered="0"/><counter type="COMPLEXITY" missed="1" covered="0"/><counter type="METHOD" missed="1" covered="0"/></method><counter type="INSTRUCTION" missed="27" covered="46"/><counter type="LINE" missed="1" covered="20"/><counter type="COMPLEXITY" missed="1" covered="10"/><counter type="METHOD" missed="1" covered="10"/><counter type="CLASS" missed="0" covered="1"/></class><sourcefile name="Student.java"><line nr="8" mi="0" ci="2" mb="0" cb="0"/><line nr="10" mi="0" ci="1" mb="0" cb="0"/><line nr="12" mi="0" ci="2" mb="0" cb="0"/><line nr="13" mi="0" ci="3" mb="0" cb="0"/><line nr="14" mi="0" ci="3" mb="0" cb="0"/><line nr="15" mi="0" ci="3" mb="0" cb="0"/><line nr="16" mi="0" ci="3" mb="0" cb="0"/><line nr="17" mi="0" ci="1" mb="0" cb="0"/><line nr="19" mi="0" ci="3" mb="0" cb="0"/><line nr="22" mi="0" ci="3" mb="0" cb="0"/><line nr="23" mi="0" ci="1" mb="0" cb="0"/><line nr="25" mi="0" ci="3" mb="0" cb="0"/><line nr="28" mi="0" ci="3" mb="0" cb="0"/><line nr="29" mi="0" ci="1" mb="0" cb="0"/><line nr="31" mi="0" ci="3" mb="0" cb="0"/><line nr="34" mi="0" ci="3" mb="0" cb="0"/><line nr="35" mi="0" ci="1" mb="0" cb="0"/><line nr="37" mi="0" ci="3" mb="0" cb="0"/><line nr="40" mi="0" ci="3" mb="0" cb="0"/><line nr="41" mi="0" ci="1" mb="0" cb="0"/><line nr="44" mi="27" ci="0" mb="0" cb="0"/><counter type="INSTRUCTION" missed="27" covered="46"/><counter type="LINE" missed="1" covered="20"/><counter type="COMPLEXITY" missed="1" covered="10"/><counter type="METHOD" missed="1" covered="10"/><counter type="CLASS" missed="0" covered="1"/></sourcefile><counter type="INSTRUCTION" missed="27" covered="46"/><counter type="LINE" missed="1" covered="20"/><counter type="COMPLEXITY" missed="1" covered="10"/><counter type="METHOD" missed="1" covered="10"/><counter type="CLASS" missed="0" covered="1"/></package><package name="Service"><class name="Service/Student_Service_Imp" sourcefilename="Student_Service_Imp.java"><method name="&lt;init&gt;" desc="()V" line="12"><counter type="INSTRUCTION" missed="0" covered="3"/><counter type="LINE" missed="0" covered="1"/><counter type="COMPLEXITY" missed="0" covered="1"/><counter type="METHOD" missed="0" covered="1"/></method><method name="saveStudent" desc="(LModel/Student;)Z" line="19"><counter type="INSTRUCTION" missed="0" covered="5"/><counter type="LINE" missed="0" covered="1"/><counter type="COMPLEXITY" missed="0" covered="1"/><counter type="METHOD" missed="0" covered="1"/></method><method name="getStudents" desc="()Ljava/util/List;" line="24"><counter type="INSTRUCTION" missed="0" covered="4"/><counter type="LINE" missed="0" covered="1"/><counter type="COMPLEXITY" missed="0" covered="1"/><counter type="METHOD" missed="0" covered="1"/></method><method name="deleteStudent" desc="(LModel/Student;)Z" line="29"><counter type="INSTRUCTION" missed="0" covered="5"/><counter type="LINE" missed="0" covered="1"/><counter type="COMPLEXITY" missed="0" covered="1"/><counter type="METHOD" missed="0" covered="1"/></method><method name="getStudentByID" desc="(LModel/Student;)Ljava/util/List;" line="34"><counter type="INSTRUCTION" missed="0" covered="5"/><counter type="LINE" missed="0" covered="1"/><counter type="COMPLEXITY" missed="0" covered="1"/><counter type="METHOD" missed="0" covered="1"/></method><method name="updateStudent" desc="(LModel/Student;)Z" line="39"><counter type="INSTRUCTION" missed="0" covered="5"/><counter type="LINE" missed="0" covered="1"/><counter type="COMPLEXITY" missed="0" covered="1"/><counter type="METHOD" missed="0" covered="1"/></method><counter type="INSTRUCTION" missed="0" covered="27"/><counter type="LINE" missed="0" covered="6"/><counter type="COMPLEXITY" missed="0" covered="6"/><counter type="METHOD" missed="0" covered="6"/><counter type="CLASS" missed="0" covered="1"/></class><sourcefile name="Student_Service_Imp.java"><line nr="12" mi="0" ci="3" mb="0" cb="0"/><line nr="19" mi="0" ci="5" mb="0" cb="0"/><line nr="24" mi="0" ci="4" mb="0" cb="0"/><line nr="29" mi="0" ci="5" mb="0" cb="0"/><line nr="34" mi="0" ci="5" mb="0" cb="0"/><line nr="39" mi="0" ci="5" mb="0" cb="0"/><counter type="INSTRUCTION" missed="0" covered="27"/><counter type="LINE" missed="0" covered="6"/><counter type="COMPLEXITY" missed="0" covered="6"/><counter type="METHOD" missed="0" covered="6"/><counter type="CLASS" missed="0" covered="1"/></sourcefile><counter type="INSTRUCTION" missed="0" covered="27"/><counter type="LINE" missed="0" covered="6"/><counter type="COMPLEXITY" missed="0" covered="6"/><counter type="METHOD" missed="0" covered="6"/><counter type="CLASS" missed="0" covered="1"/></package><package name="Controller"><class name="Controller/Controller" sourcefilename="Controller.java"><method name="&lt;init&gt;" desc="()V" line="21"><counter type="INSTRUCTION" missed="0" covered="3"/><counter type="LINE" missed="0" covered="1"/><counter type="COMPLEXITY" missed="0" covered="1"/><counter type="METHOD" missed="0" covered="1"/></method><method name="saveStudent" desc="(LModel/Student;)Z" line="28"><counter type="INSTRUCTION" missed="5" covered="0"/><counter type="LINE" missed="1" covered="0"/><counter type="COMPLEXITY" missed="1" covered="0"/><counter type="METHOD" missed="1" covered="0"/></method><method name="allstudents" desc="()Ljava/util/List;" line="33"><counter type="INSTRUCTION" missed="4" covered="0"/><counter type="LINE" missed="1" covered="0"/><counter type="COMPLEXITY" missed="1" covered="0"/><counter type="METHOD" missed="1" covered="0"/></method><method name="deleteStudent" desc="(ILModel/Student;)Z" line="38"><counter type="INSTRUCTION" missed="8" covered="0"/><counter type="LINE" missed="2" covered="0"/><counter type="COMPLEXITY" missed="1" covered="0"/><counter type="METHOD" missed="1" covered="0"/></method><method name="allstudentByID" desc="(ILModel/Student;)Ljava/util/List;" line="44"><counter type="INSTRUCTION" missed="8" covered="0"/><counter type="LINE" missed="2" covered="0"/><counter type="COMPLEXITY" missed="1" covered="0"/><counter type="METHOD" missed="1" covered="0"/></method><method name="updateStudent" desc="(LModel/Student;I)Z" line="51"><counter type="INSTRUCTION" missed="8" covered="0"/><counter type="LINE" missed="2" covered="0"/><counter type="COMPLEXITY" missed="1" covered="0"/><counter type="METHOD" missed="1" covered="0"/></method><counter type="INSTRUCTION" missed="33" covered="3"/><counter type="LINE" missed="8" covered="1"/><counter type="COMPLEXITY" missed="5" covered="1"/><counter type="METHOD" missed="5" covered="1"/><counter type="CLASS" missed="0" covered="1"/></class><sourcefile name="Controller.java"><line nr="21" mi="0" ci="3" mb="0" cb="0"/><line nr="28" mi="5" ci="0" mb="0" cb="0"/><line nr="33" mi="4" ci="0" mb="0" cb="0"/><line nr="38" mi="3" ci="0" mb="0" cb="0"/><line nr="39" mi="5" ci="0" mb="0" cb="0"/><line nr="44" mi="3" ci="0" mb="0" cb="0"/><line nr="45" mi="5" ci="0" mb="0" cb="0"/><line nr="51" mi="3" ci="0" mb="0" cb="0"/><line nr="52" mi="5" ci="0" mb="0" cb="0"/><counter type="INSTRUCTION" missed="33" covered="3"/><counter type="LINE" missed="8" covered="1"/><counter type="COMPLEXITY" missed="5" covered="1"/><counter type="METHOD" missed="5" covered="1"/><counter type="CLASS" missed="0" covered="1"/></sourcefile><counter type="INSTRUCTION" missed="33" covered="3"/><counter type="LINE" missed="8" covered="1"/><counter type="COMPLEXITY" missed="5" covered="1"/><counter type="METHOD" missed="5" covered="1"/><counter type="CLASS" missed="0" covered="1"/></package><package name="config"><class name="config/StudentApplication" sourcefilename="StudentApplication.java"><method name="&lt;init&gt;" desc="()V" line="14"><counter type="INSTRUCTION" missed="0" covered="3"/><counter type="LINE" missed="0" covered="1"/><counter type="COMPLEXITY" missed="0" covered="1"/><counter type="METHOD" missed="0" covered="1"/></method><method name="main" desc="([Ljava/lang/String;)V" line="17"><counter type="INSTRUCTION" missed="5" covered="0"/><counter type="LINE" missed="2" covered="0"/><counter type="COMPLEXITY" missed="1" covered="0"/><counter type="METHOD" missed="1" covered="0"/></method><method name="jacksonJmsMessageConverter" desc="()Lorg/springframework/jms/support/converter/MessageConverter;" line="22"><counter type="INSTRUCTION" missed="0" covered="12"/><counter type="LINE" missed="0" covered="4"/><counter type="COMPLEXITY" missed="0" covered="1"/><counter type="METHOD" missed="0" covered="1"/></method><counter type="INSTRUCTION" missed="5" covered="15"/><counter type="LINE" missed="2" covered="5"/><counter type="COMPLEXITY" missed="1" covered="2"/><counter type="METHOD" missed="1" covered="2"/><counter type="CLASS" missed="0" covered="1"/></class><class name="config/Configu" sourcefilename="Configu.java"><method name="&lt;init&gt;" desc="()V" line="19"><counter type="INSTRUCTION" missed="0" covered="3"/><counter type="LINE" missed="0" covered="1"/><counter type="COMPLEXITY" missed="0" covered="1"/><counter type="METHOD" missed="0" covered="1"/></method><method name="jspViewResolver" desc="()Lorg/springframework/web/servlet/view/InternalResourceViewResolver;" line="23"><counter type="INSTRUCTION" missed="0" covered="12"/><counter type="LINE" missed="0" covered="4"/><counter type="COMPLEXITY" missed="0" covered="1"/><counter type="METHOD" missed="0" covered="1"/></method><counter type="INSTRUCTION" missed="0" covered="15"/><counter type="LINE" missed="0" covered="5"/><counter type="COMPLEXITY" missed="0" covered="2"/><counter type="METHOD" missed="0" covered="2"/><counter type="CLASS" missed="0" covered="1"/></class><sourcefile name="StudentApplication.java"><line nr="14" mi="0" ci="3" mb="0" cb="0"/><line nr="17" mi="4" ci="0" mb="0" cb="0"/><line nr="18" mi="1" ci="0" mb="0" cb="0"/><line nr="22" mi="0" ci="4" mb="0" cb="0"/><line nr="23" mi="0" ci="3" mb="0" cb="0"/><line nr="24" mi="0" ci="3" mb="0" cb="0"/><line nr="25" mi="0" ci="2" mb="0" cb="0"/><counter type="INSTRUCTION" missed="5" covered="15"/><counter type="LINE" missed="2" covered="5"/><counter type="COMPLEXITY" missed="1" covered="2"/><counter type="METHOD" missed="1" covered="2"/><counter type="CLASS" missed="0" covered="1"/></sourcefile><sourcefile name="Configu.java"><line nr="19" mi="0" ci="3" mb="0" cb="0"/><line nr="23" mi="0" ci="4" mb="0" cb="0"/><line nr="24" mi="0" ci="3" mb="0" cb="0"/><line nr="25" mi="0" ci="3" mb="0" cb="0"/><line nr="26" mi="0" ci="2" mb="0" cb="0"/><counter type="INSTRUCTION" missed="0" covered="15"/><counter type="LINE" missed="0" covered="5"/><counter type="COMPLEXITY" missed="0" covered="2"/><counter type="METHOD" missed="0" covered="2"/><counter type="CLASS" missed="0" covered="1"/></sourcefile><counter type="INSTRUCTION" missed="5" covered="30"/><counter type="LINE" missed="2" covered="10"/><counter type="COMPLEXITY" missed="1" covered="4"/><counter type="METHOD" missed="1" covered="4"/><counter type="CLASS" missed="0" covered="2"/></package><counter type="INSTRUCTION" missed="99" covered="251"/><counter type="BRANCH" missed="6" covered="12"/><counter type="LINE" missed="26" covered="77"/><counter type="COMPLEXITY" missed="13" covered="33"/><counter type="METHOD" missed="8" covered="29"/><counter type="CLASS" missed="1" covered="6"/></report>